HV000001: Hibernate Validator 6.2.0.Final
Starting OrderMsApplication using Java 16.0.1 on LAPTOP-CV1RVFJO with PID 30956 (F:\demotest-main\OrderMS\target\classes started by LENOVO in F:\demotest-main\OrderMS)
No active profile set, falling back to default profiles: default
Bootstrapping Spring Data JPA repositories in DEFAULT mode.
Finished Spring Data repository scanning in 126 ms. Found 2 JPA repository interfaces.
BeanFactory id=205698e1-6d54-3322-89ae-ed28d1dfcb9f
Tomcat initialized with port(s): 8300 (http)
Initializing ProtocolHandler ["http-nio-8300"]
Starting service [Tomcat]
Starting Servlet engine: [Apache Tomcat/9.0.46]
Initializing Spring embedded WebApplicationContext
Root WebApplicationContext: initialization completed in 1885 ms
HikariPool-1 - Starting...
HikariPool-1 - Start completed.
HHH000204: Processing PersistenceUnitInfo [name: default]
HHH000412: Hibernate ORM core version 5.4.32.Final
HCANN000001: Hibernate Commons Annotations {5.1.2.Final}
HHH000400: Using dialect: org.hibernate.dialect.MySQL8Dialect
HHH000490: Using JtaPlatform implementation: [org.hibernate.engine.transaction.jta.platform.internal.NoJtaPlatform]
Initialized JPA EntityManagerFactory for persistence unit 'default'
spring.jpa.open-in-view is enabled by default. Therefore, database queries may be performed during view rendering. Explicitly configure spring.jpa.open-in-view to disable this warning
Eureka HTTP Client uses Jersey
Spring Cloud LoadBalancer is currently working with the default cache. You can switch to using Caffeine cache, by adding it and org.springframework.cache.caffeine.CaffeineCacheManager to the classpath.
Exposing 1 endpoint(s) beneath base path '/actuator'
Setting initial instance status as: STARTING
Initializing Eureka in region us-east-1
Client configured to neither register nor query for data.
Discovery Client initialized at timestamp 1624873596139 with initial instances count: 0
Registering application ORDERMS with eureka with status UP
Starting ProtocolHandler ["http-nio-8300"]
Tomcat started on port(s): 8300 (http) with context path ''
Updating port to 8300
Started OrderMsApplication in 5.398 seconds (JVM running for 6.476)
Initializing Spring DispatcherServlet 'dispatcherServlet'
Initializing Servlet 'dispatcherServlet'
Completed initialization in 2 ms
Application shutdown requested.
Unregistering application ORDERMS with eureka with status DOWN
Closing JPA EntityManagerFactory for persistence unit 'default'
HikariPool-1 - Shutdown initiated...
HikariPool-1 - Shutdown completed.
Shutting down DiscoveryClient ...
Completed shut down of DiscoveryClient
